f:\visual studio\cursach\cursach\x64\debug\vc143.pdb
f:\visual studio\cursach\cursach\x64\debug\vc143.idb
f:\visual studio\cursach\cursach\x64\debug\wnd.obj
f:\visual studio\cursach\cursach\x64\debug\playwnd.obj
f:\visual studio\cursach\cursach\x64\debug\menu.obj
f:\visual studio\cursach\cursach\x64\debug\main.obj
f:\visual studio\cursach\cursach\x64\debug\room.obj
f:\visual studio\cursach\cursach\x64\debug\character.obj
f:\visual studio\cursach\cursach\x64\debug\camera.obj
f:\visual studio\cursach\cursach\x64\debug\mazeforming.obj
f:\visual studio\cursach\cursach\x64\debug\statistics.obj
f:\visual studio\cursach\cursach\x64\debug\settings.obj
f:\visual studio\cursach\x64\debug\cursach.exe
f:\visual studio\cursach\cursach\x64\debug\cursach.ilk
f:\visual studio\cursach\x64\debug\cursach.pdb
f:\visual studio\cursach\cursach\x64\debug\cursach.tlog\cl.command.1.tlog
f:\visual studio\cursach\cursach\x64\debug\cursach.tlog\cl.items.tlog
f:\visual studio\cursach\cursach\x64\debug\cursach.tlog\cl.read.1.tlog
f:\visual studio\cursach\cursach\x64\debug\cursach.tlog\cl.write.1.tlog
f:\visual studio\cursach\cursach\x64\debug\cursach.tlog\link.command.1.tlog
f:\visual studio\cursach\cursach\x64\debug\cursach.tlog\link.read.1.tlog
f:\visual studio\cursach\cursach\x64\debug\cursach.tlog\link.write.1.tlog
